<?xml version="1.0" encoding="UTF-8"?>
<!-- Generated by org.testng.reporters.JUnitReportReporter -->
<testsuite hostname="kadimcharla" failures="0" tests="3" name="runner.RunCukes" time="41.619" errors="0" timestamp="27 Nov 2022 01:01:46 GMT" skipped="0">
  <testcase classname="runner.RunCukes" name="runScenario" time="18.725"/>
  <testcase classname="runner.RunCukes" name="runScenario" time="20.272"/>
  <testcase classname="runner.RunCukes" name="runScenario" time="2.622"/>
</testsuite> <!-- runner.RunCukes -->
