<?xml version="1.0" encoding="UTF-8"?>
<!-- Generated by org.testng.reporters.JUnitReportReporter -->
<testsuite hostname="kadimcharla" failures="0" tests="3" name="runner.RunCukes" time="18.935" errors="0" timestamp="27 Nov 2022 01:00:23 GMT" skipped="0">
  <testcase classname="runner.RunCukes" name="runScenario" time="8.442"/>
  <testcase classname="runner.RunCukes" name="runScenario" time="5.906"/>
  <testcase classname="runner.RunCukes" name="runScenario" time="4.587"/>
</testsuite> <!-- runner.RunCukes -->
